#
# There is insufficient memory for the Java Runtime Environment to continue.
# Native memory allocation (mmap) failed to map 65536 bytes for Failed to commit metaspace.
# Possible reasons:
#   The system is out of physical RAM or swap space
#   The process is running with CompressedOops enabled, and the Java Heap may be blocking the growth of the native heap
# Possible solutions:
#   Reduce memory load on the system
#   Increase physical memory or swap space
#   Check if swap backing store is full
#   Decrease Java heap size (-Xmx/-Xms)
#   Decrease number of Java threads
#   Decrease Java thread stack sizes (-Xss)
#   Set larger code cache with -XX:ReservedCodeCacheSize=
#   JVM is running with Zero Based Compressed Oops mode in which the Java heap is
#     placed in the first 32GB address space. The Java Heap base address is the
#     maximum limit for the native heap growth. Please use -XX:HeapBaseMinAddress
#     to set the Java Heap base and to place the Java Heap above 32GB virtual address.
# This output file may be truncated or incomplete.
#
#  Out of Memory Error (virtualSpaceNode.cpp:110), pid=29324, tid=34812
#
# JRE version: OpenJDK Runtime Environment Corretto-17.0.9.8.1 (17.0.9+8) (build 17.0.9+8-LTS)
# Java VM: OpenJDK 64-Bit Server VM Corretto-17.0.9.8.1 (17.0.9+8-LTS, mixed mode, sharing, tiered, compressed oops, compressed class ptrs, g1 gc, windows-amd64)
# No core dump will be written. Minidumps are not enabled by default on client versions of Windows
#

---------------  S U M M A R Y ------------

Command Line: -agentlib:jdwp=transport=dt_socket,address=127.0.0.1:61473,suspend=y,server=n -javaagent:C:\Users\HP\AppData\Local\JetBrains\IdeaIC2023.3\captureAgent\debugger-agent.jar -Dfile.encoding=UTF-8 Main

Host: Intel(R) Core(TM) i7-8665U CPU @ 1.90GHz, 8 cores, 15G,  Windows 10 , 64 bit Build 19041 (10.0.19041.3636)
Time: Wed Feb 21 03:13:46 2024 Türkiye Standart Saati elapsed time: 30.276720 seconds (0d 0h 0m 30s)

---------------  T H R E A D  ---------------

Current thread (0x0000017b9447f620):  JavaThread "Forwarding newSession on session null to remote" [_thread_in_vm, id=34812, stack(0x00000015b2800000,0x00000015b2900000)]

Stack: [0x00000015b2800000,0x00000015b2900000]
Native frames: (J=compiled Java code, j=interpreted, Vv=VM code, C=native code)
V  [jvm.dll+0x67cb49]
V  [jvm.dll+0x8344da]
V  [jvm.dll+0x835f9e]
V  [jvm.dll+0x836603]
V  [jvm.dll+0x247b5f]
V  [jvm.dll+0x83019b]
V  [jvm.dll+0x621376]
V  [jvm.dll+0x1c1ede]
V  [jvm.dll+0x623cd1]
V  [jvm.dll+0x621d16]
V  [jvm.dll+0x1ec36e]
V  [jvm.dll+0x1eceb0]
V  [jvm.dll+0x1e22b1]
V  [jvm.dll+0x542c8e]
V  [jvm.dll+0x7ae4d8]
V  [jvm.dll+0x7ae5c4]
V  [jvm.dll+0x410d85]
V  [jvm.dll+0x416f09]
C  [java.dll+0x17ec]

Java frames: (J=compiled Java code, j=interpreted, Vv=VM code)
j  java.lang.ClassLoader.defineClass1(Ljava/lang/ClassLoader;Ljava/lang/String;[BIILjava/security/ProtectionDomain;Ljava/lang/String;)Ljava/lang/Class;+0 java.base@17.0.9
j  java.lang.ClassLoader.defineClass(Ljava/lang/String;[BIILjava/security/ProtectionDomain;)Ljava/lang/Class;+27 java.base@17.0.9
j  java.security.SecureClassLoader.defineClass(Ljava/lang/String;[BIILjava/security/CodeSource;)Ljava/lang/Class;+12 java.base@17.0.9
j  jdk.internal.loader.BuiltinClassLoader.defineClass(Ljava/lang/String;Ljdk/internal/loader/Resource;)Ljava/lang/Class;+117 java.base@17.0.9
j  jdk.internal.loader.BuiltinClassLoader.findClassOnClassPathOrNull(Ljava/lang/String;)Ljava/lang/Class;+37 java.base@17.0.9
j  jdk.internal.loader.BuiltinClassLoader.loadClassOrNull(Ljava/lang/String;Z)Ljava/lang/Class;+111 java.base@17.0.9
j  jdk.internal.loader.BuiltinClassLoader.loadClass(Ljava/lang/String;Z)Ljava/lang/Class;+3 java.base@17.0.9
j  jdk.internal.loader.ClassLoaders$AppClassLoader.loadClass(Ljava/lang/String;Z)Ljava/lang/Class;+36 java.base@17.0.9
j  java.lang.ClassLoader.loadClass(Ljava/lang/String;)Ljava/lang/Class;+3 java.base@17.0.9
v  ~StubRoutines::call_stub
j  org.openqa.selenium.remote.JsonToWebElementConverter.apply(Ljava/lang/Object;)Ljava/lang/Object;+143
j  org.openqa.selenium.remote.JsonToWebElementConverter.lambda$apply$0(Ljava/util/Map;Ljava/lang/Object;Ljava/lang/Object;)V+4
j  org.openqa.selenium.remote.JsonToWebElementConverter$$Lambda$418+0x0000017bb918eb30.accept(Ljava/lang/Object;Ljava/lang/Object;)V+10
j  java.util.LinkedHashMap.forEach(Ljava/util/function/BiConsumer;)V+35 java.base@17.0.9
j  org.openqa.selenium.remote.JsonToWebElementConverter.apply(Ljava/lang/Object;)Ljava/lang/Object;+134
j  org.openqa.selenium.remote.RemoteWebDriver.execute(Lorg/openqa/selenium/remote/CommandPayload;)Lorg/openqa/selenium/remote/Response;+125
j  org.openqa.selenium.remote.RemoteWebDriver.startSession(Lorg/openqa/selenium/Capabilities;)V+18
j  org.openqa.selenium.remote.RemoteWebDriver.<init>(Lorg/openqa/selenium/remote/CommandExecutor;Lorg/openqa/selenium/Capabilities;)V+88
j  org.openqa.selenium.firefox.FirefoxDriver.<init>(Lorg/openqa/selenium/firefox/FirefoxDriver$FirefoxDriverCommandExecutor;Lorg/openqa/selenium/firefox/FirefoxOptions;Lorg/openqa/selenium/remote/http/ClientConfig;)V+6
j  org.openqa.selenium.firefox.FirefoxDriver.<init>(Lorg/openqa/selenium/firefox/FirefoxDriver$FirefoxDriverCommandExecutor;Lorg/openqa/selenium/firefox/FirefoxOptions;)V+6
j  org.openqa.selenium.firefox.FirefoxDriver.<init>(Lorg/openqa/selenium/firefox/FirefoxDriverService;Lorg/openqa/selenium/firefox/FirefoxOptions;Lorg/openqa/selenium/remote/http/ClientConfig;)V+8
j  org.openqa.selenium.firefox.FirefoxDriver.<init>(Lorg/openqa/selenium/firefox/FirefoxDriverService;Lorg/openqa/selenium/firefox/FirefoxOptions;)V+6
j  org.openqa.selenium.firefox.FirefoxDriver.<init>(Lorg/openqa/selenium/firefox/FirefoxOptions;)V+5
j  org.openqa.selenium.firefox.FirefoxDriver.<init>()V+8
j  Main.main([Ljava/lang/String;)V+4
v  ~StubRoutines::call_stub

---------------  P R O C E S S  ---------------

Threads class SMR info:
_java_thread_list=0x0000017bfd445af0, length=22, elements={
0x0000017b9447f620, 0x0000017bb737f500, 0x0000017bb7380380, 0x0000017bb7489680,
0x0000017bb748b160, 0x0000017bb748bd20, 0x0000017bb748e6f0, 0x0000017bb7492990,
0x0000017bb7498080, 0x0000017bb749aa90, 0x0000017bb75aa070, 0x0000017bb762b7e0,
0x0000017bb7683130, 0x0000017bb76e5260, 0x0000017bb76812c0, 0x0000017bfd064250,
0x0000017bfd3ad650, 0x0000017bfd3c8630, 0x0000017bfd3dd9c0, 0x0000017bfd3eaf10,
0x0000017bfd3ffa00, 0x0000017bfd5da530
}

Java Threads: ( => current thread )
=>0x0000017b9447f620 JavaThread "Forwarding newSession on session null to remote" [_thread_in_vm, id=34812, stack(0x00000015b2800000,0x00000015b2900000)]
  0x0000017bb737f500 JavaThread "Reference Handler" daemon [_thread_blocked, id=35764, stack(0x00000015b2f00000,0x00000015b3000000)]
  0x0000017bb7380380 JavaThread "Finalizer" daemon [_thread_blocked, id=20440, stack(0x00000015b3000000,0x00000015b3100000)]
  0x0000017bb7489680 JavaThread "Signal Dispatcher" daemon [_thread_blocked, id=34860, stack(0x00000015b3100000,0x00000015b3200000)]
  0x0000017bb748b160 JavaThread "Attach Listener" daemon [_thread_blocked, id=28972, stack(0x00000015b3200000,0x00000015b3300000)]
  0x0000017bb748bd20 JavaThread "Service Thread" daemon [_thread_blocked, id=34916, stack(0x00000015b3300000,0x00000015b3400000)]
  0x0000017bb748e6f0 JavaThread "Monitor Deflation Thread" daemon [_thread_blocked, id=33424, stack(0x00000015b3400000,0x00000015b3500000)]
  0x0000017bb7492990 JavaThread "C2 CompilerThread0" daemon [_thread_blocked, id=35580, stack(0x00000015b3500000,0x00000015b3600000)]
  0x0000017bb7498080 JavaThread "C1 CompilerThread0" daemon [_thread_blocked, id=33544, stack(0x00000015b3600000,0x00000015b3700000)]
  0x0000017bb749aa90 JavaThread "Sweeper thread" daemon [_thread_blocked, id=34472, stack(0x00000015b3700000,0x00000015b3800000)]
  0x0000017bb75aa070 JavaThread "Common-Cleaner" daemon [_thread_blocked, id=29724, stack(0x00000015b3800000,0x00000015b3900000)]
  0x0000017bb762b7e0 JavaThread "JDWP Transport Listener: dt_socket" daemon [_thread_blocked, id=34304, stack(0x00000015b3900000,0x00000015b3a00000)]
  0x0000017bb7683130 JavaThread "JDWP Event Helper Thread" daemon [_thread_blocked, id=35660, stack(0x00000015b3a00000,0x00000015b3b00000)]
  0x0000017bb76e5260 JavaThread "JDWP Command Reader" daemon [_thread_in_native, id=35028, stack(0x00000015b3b00000,0x00000015b3c00000)]
  0x0000017bb76812c0 JavaThread "Notification Thread" daemon [_thread_blocked, id=35672, stack(0x00000015b3c00000,0x00000015b3d00000)]
  0x0000017bfd064250 JavaThread "ForkJoinPool.commonPool-worker-1" daemon [_thread_blocked, id=35592, stack(0x00000015b3e00000,0x00000015b3f00000)]
  0x0000017bfd3ad650 JavaThread "HttpClient-1-SelectorManager" daemon [_thread_in_native, id=30072, stack(0x00000015b4600000,0x00000015b4700000)]
  0x0000017bfd3c8630 JavaThread "External Process Output Forwarder - C:\Users\HP\.cache\selenium\geckodriver\win64\0.34.0\geckodriver.exe" daemon [_thread_in_native, id=30188, stack(0x00000015b4700000,0x00000015b4800000)]
  0x0000017bfd3dd9c0 JavaThread "Driver Service Executor" daemon [_thread_blocked, id=34276, stack(0x00000015b4800000,0x00000015b4900000)]
  0x0000017bfd3eaf10 JavaThread "Driver Service Executor" daemon [_thread_in_native, id=34672, stack(0x00000015b4900000,0x00000015b4a00000)]
  0x0000017bfd3ffa00 JavaThread "pool-1-thread-1" [_thread_blocked, id=21388, stack(0x00000015b4b00000,0x00000015b4c00000)]
  0x0000017bfd5da530 JavaThread "pool-1-thread-2" [_thread_blocked, id=22264, stack(0x00000015b4d00000,0x00000015b4e00000)]

Other Threads:
  0x0000017bb737a8f0 VMThread "VM Thread" [stack: 0x00000015b2e00000,0x00000015b2f00000] [id=27492]
  0x0000017bb771b240 WatcherThread [stack: 0x00000015b3d00000,0x00000015b3e00000] [id=34316]
  0x0000017b944e48f0 GCTaskThread "GC Thread#0" [stack: 0x00000015b2900000,0x00000015b2a00000] [id=34036]
  0x0000017bfd144e30 GCTaskThread "GC Thread#1" [stack: 0x00000015b3f00000,0x00000015b4000000] [id=34396]
  0x0000017bfd2afc80 GCTaskThread "GC Thread#2" [stack: 0x00000015b4000000,0x00000015b4100000] [id=35096]
  0x0000017bfd2aff40 GCTaskThread "GC Thread#3" [stack: 0x00000015b4100000,0x00000015b4200000] [id=35620]
  0x0000017bfd2b0200 GCTaskThread "GC Thread#4" [stack: 0x00000015b4200000,0x00000015b4300000] [id=35444]
  0x0000017bfd2b04c0 GCTaskThread "GC Thread#5" [stack: 0x00000015b4300000,0x00000015b4400000] [id=31816]
  0x0000017bfd32cec0 GCTaskThread "GC Thread#6" [stack: 0x00000015b4400000,0x00000015b4500000] [id=34628]
  0x0000017bfd32d180 GCTaskThread "GC Thread#7" [stack: 0x00000015b4500000,0x00000015b4600000] [id=29840]
  0x0000017b944f5540 ConcurrentGCThread "G1 Main Marker" [stack: 0x00000015b2a00000,0x00000015b2b00000] [id=29108]
  0x0000017b944f6700 ConcurrentGCThread "G1 Conc#0" [stack: 0x00000015b2b00000,0x00000015b2c00000] [id=30320]
  0x0000017bb722e540 ConcurrentGCThread "G1 Refine#0" [stack: 0x00000015b2c00000,0x00000015b2d00000] [id=31296]
  0x0000017bb7230e90 ConcurrentGCThread "G1 Service" [stack: 0x00000015b2d00000,0x00000015b2e00000] [id=29756]

Threads with active compile tasks:

VM state: not at safepoint (normal execution)

VM Mutex/Monitor currently owned by a thread:  ([mutex/lock_event])
[0x0000017b922a29e0] Metaspace_lock - owner thread: 0x0000017b9447f620

Heap address: 0x0000000703000000, size: 4048 MB, Compressed Oops mode: Zero based, Oop shift amount: 3

CDS archive(s) mapped at: [0x0000017bb8000000-0x0000017bb8ba0000-0x0000017bb8ba0000), size 12189696, SharedBaseAddress: 0x0000017bb8000000, ArchiveRelocationMode: 1.
Compressed class space mapped at: 0x0000017bb9000000-0x0000017bf9000000, reserved size: 1073741824
Narrow klass base: 0x0000017bb8000000, Narrow klass shift: 0, Narrow klass range: 0x100000000

GC Precious Log:
 CPUs: 8 total, 8 available
 Memory: 16190M
 Large Page Support: Disabled
 NUMA Support: Disabled
 Compressed Oops: Enabled (Zero based)
 Heap Region Size: 2M
 Heap Min Capacity: 8M
 Heap Initial Capacity: 254M
 Heap Max Capacity: 4048M
 Pre-touch: Disabled
 Parallel Workers: 8
 Concurrent Workers: 2
 Concurrent Refinement Workers: 8
 Periodic GC: Disabled

Heap:
 garbage-first heap   total 260096K, used 19410K [0x0000000703000000, 0x0000000800000000)
  region size 2048K, 10 young (20480K), 2 survivors (4096K)
 Metaspace       used 10614K, committed 10816K, reserved 1114112K
  class space    used 1322K, committed 1408K, reserved 1048576K

Heap Regions: E=young(eden), S=young(survivor), O=old, HS=humongous(starts), HC=humongous(continues), CS=collection set, F=free, OA=open archive, CA=closed archive, TAMS=top-at-mark-start (previous, next)
|   0|0x0000000703000000, 0x00000007030f4a00, 0x0000000703200000| 47%| O|  |TAMS 0x0000000703000000, 0x0000000703000000| Untracked 
|   1|0x0000000703200000, 0x0000000703200000, 0x0000000703400000|  0%| F|  |TAMS 0x0000000703200000, 0x0000000703200000| Untracked 
|   2|0x0000000703400000, 0x0000000703400000, 0x0000000703600000|  0%| F|  |TAMS 0x0000000703400000, 0x0000000703400000| Untracked 
|   3|0x0000000703600000, 0x0000000703600000, 0x0000000703800000|  0%| F|  |TAMS 0x0000000703600000, 0x0000000703600000| Untracked 
|   4|0x0000000703800000, 0x0000000703800000, 0x0000000703a00000|  0%| F|  |TAMS 0x0000000703800000, 0x0000000703800000| Untracked 
|   5|0x0000000703a00000, 0x0000000703a00000, 0x0000000703c00000|  0%| F|  |TAMS 0x0000000703a00000, 0x0000000703a00000| Untracked 
|   6|0x0000000703c00000, 0x0000000703c00000, 0x0000000703e00000|  0%| F|  |TAMS 0x0000000703c00000, 0x0000000703c00000| Untracked 
|   7|0x0000000703e00000, 0x0000000703e00000, 0x0000000704000000|  0%| F|  |TAMS 0x0000000703e00000, 0x0000000703e00000| Untracked 
|   8|0x0000000704000000, 0x0000000704000000, 0x0000000704200000|  0%| F|  |TAMS 0x0000000704000000, 0x0000000704000000| Untracked 
|   9|0x0000000704200000, 0x0000000704200000, 0x0000000704400000|  0%| F|  |TAMS 0x0000000704200000, 0x0000000704200000| Untracked 
|  10|0x0000000704400000, 0x0000000704400000, 0x0000000704600000|  0%| F|  |TAMS 0x0000000704400000, 0x0000000704400000| Untracked 
|  11|0x0000000704600000, 0x0000000704600000, 0x0000000704800000|  0%| F|  |TAMS 0x0000000704600000, 0x0000000704600000| Untracked 
|  12|0x0000000704800000, 0x0000000704800000, 0x0000000704a00000|  0%| F|  |TAMS 0x0000000704800000, 0x0000000704800000| Untracked 
|  13|0x0000000704a00000, 0x0000000704a00000, 0x0000000704c00000|  0%| F|  |TAMS 0x0000000704a00000, 0x0000000704a00000| Untracked 
|  14|0x0000000704c00000, 0x0000000704c00000, 0x0000000704e00000|  0%| F|  |TAMS 0x0000000704c00000, 0x0000000704c00000| Untracked 
|  15|0x0000000704e00000, 0x0000000704e00000, 0x0000000705000000|  0%| F|  |TAMS 0x0000000704e00000, 0x0000000704e00000| Untracked 
|  16|0x0000000705000000, 0x0000000705000000, 0x0000000705200000|  0%| F|  |TAMS 0x0000000705000000, 0x0000000705000000| Untracked 
|  17|0x0000000705200000, 0x0000000705200000, 0x0000000705400000|  0%| F|  |TAMS 0x0000000705200000, 0x0000000705200000| Untracked 
|  18|0x0000000705400000, 0x0000000705400000, 0x0000000705600000|  0%| F|  |TAMS 0x0000000705400000, 0x0000000705400000| Untracked 
|  19|0x0000000705600000, 0x0000000705600000, 0x0000000705800000|  0%| F|  |TAMS 0x0000000705600000, 0x0000000705600000| Untracked 
|  20|0x0000000705800000, 0x0000000705800000, 0x0000000705a00000|  0%| F|  |TAMS 0x0000000705800000, 0x0000000705800000| Untracked 
|  21|0x0000000705a00000, 0x0000000705a00000, 0x0000000705c00000|  0%| F|  |TAMS 0x0000000705a00000, 0x0000000705a00000| Untracked 
|  22|0x0000000705c00000, 0x0000000705c00000, 0x0000000705e00000|  0%| F|  |TAMS 0x0000000705c00000, 0x0000000705c00000| Untracked 
|  23|0x0000000705e00000, 0x0000000705e00000, 0x0000000706000000|  0%| F|  |TAMS 0x0000000705e00000, 0x0000000705e00000| Untracked 
|  24|0x0000000706000000, 0x0000000706000000, 0x0000000706200000|  0%| F|  |TAMS 0x0000000706000000, 0x0000000706000000| Untracked 
|  25|0x0000000706200000, 0x0000000706200000, 0x0000000706400000|  0%| F|  |TAMS 0x0000000706200000, 0x0000000706200000| Untracked 
|  26|0x0000000706400000, 0x0000000706400000, 0x0000000706600000|  0%| F|  |TAMS 0x0000000706400000, 0x0000000706400000| Untracked 
|  27|0x0000000706600000, 0x0000000706600000, 0x0000000706800000|  0%| F|  |TAMS 0x0000000706600000, 0x0000000706600000| Untracked 
|  28|0x0000000706800000, 0x0000000706800000, 0x0000000706a00000|  0%| F|  |TAMS 0x0000000706800000, 0x0000000706800000| Untracked 
|  29|0x0000000706a00000, 0x0000000706a00000, 0x0000000706c00000|  0%| F|  |TAMS 0x0000000706a00000, 0x0000000706a00000| Untracked 
|  30|0x0000000706c00000, 0x0000000706c00000, 0x0000000706e00000|  0%| F|  |TAMS 0x0000000706c00000, 0x0000000706c00000| Untracked 
|  31|0x0000000706e00000, 0x0000000706e00000, 0x0000000707000000|  0%| F|  |TAMS 0x0000000706e00000, 0x0000000706e00000| Untracked 
|  32|0x0000000707000000, 0x0000000707000000, 0x0000000707200000|  0%| F|  |TAMS 0x0000000707000000, 0x0000000707000000| Untracked 
|  33|0x0000000707200000, 0x0000000707200000, 0x0000000707400000|  0%| F|  |TAMS 0x0000000707200000, 0x0000000707200000| Untracked 
|  34|0x0000000707400000, 0x0000000707400000, 0x0000000707600000|  0%| F|  |TAMS 0x0000000707400000, 0x0000000707400000| Untracked 
|  35|0x0000000707600000, 0x0000000707600000, 0x0000000707800000|  0%| F|  |TAMS 0x0000000707600000, 0x0000000707600000| Untracked 
|  36|0x0000000707800000, 0x0000000707800000, 0x0000000707a00000|  0%| F|  |TAMS 0x0000000707800000, 0x0000000707800000| Untracked 
|  37|0x0000000707a00000, 0x0000000707a00000, 0x0000000707c00000|  0%| F|  |TAMS 0x0000000707a00000, 0x0000000707a00000| Untracked 
|  38|0x0000000707c00000, 0x0000000707c00000, 0x0000000707e00000|  0%| F|  |TAMS 0x0000000707c00000, 0x0000000707c00000| Untracked 
|  39|0x0000000707e00000, 0x0000000707e00000, 0x0000000708000000|  0%| F|  |TAMS 0x0000000707e00000, 0x0000000707e00000| Untracked 
|  40|0x0000000708000000, 0x0000000708000000, 0x0000000708200000|  0%| F|  |TAMS 0x0000000708000000, 0x0000000708000000| Untracked 
|  41|0x0000000708200000, 0x0000000708200000, 0x0000000708400000|  0%| F|  |TAMS 0x0000000708200000, 0x0000000708200000| Untracked 
|  42|0x0000000708400000, 0x0000000708400000, 0x0000000708600000|  0%| F|  |TAMS 0x0000000708400000, 0x0000000708400000| Untracked 
|  43|0x0000000708600000, 0x0000000708600000, 0x0000000708800000|  0%| F|  |TAMS 0x0000000708600000, 0x0000000708600000| Untracked 
|  44|0x0000000708800000, 0x0000000708800000, 0x0000000708a00000|  0%| F|  |TAMS 0x0000000708800000, 0x0000000708800000| Untracked 
|  45|0x0000000708a00000, 0x0000000708a00000, 0x0000000708c00000|  0%| F|  |TAMS 0x0000000708a00000, 0x0000000708a00000| Untracked 
|  46|0x0000000708c00000, 0x0000000708c00000, 0x0000000708e00000|  0%| F|  |TAMS 0x0000000708c00000, 0x0000000708c00000| Untracked 
|  47|0x0000000708e00000, 0x0000000708e00000, 0x0000000709000000|  0%| F|  |TAMS 0x0000000708e00000, 0x0000000708e00000| Untracked 
|  48|0x0000000709000000, 0x0000000709000000, 0x0000000709200000|  0%| F|  |TAMS 0x0000000709000000, 0x0000000709000000| Untracked 
|  49|0x0000000709200000, 0x0000000709200000, 0x0000000709400000|  0%| F|  |TAMS 0x0000000709200000, 0x0000000709200000| Untracked 
|  50|0x0000000709400000, 0x0000000709400000, 0x0000000709600000|  0%| F|  |TAMS 0x0000000709400000, 0x0000000709400000| Untracked 
|  51|0x0000000709600000, 0x0000000709600000, 0x0000000709800000|  0%| F|  |TAMS 0x0000000709600000, 0x0000000709600000| Untracked 
|  52|0x0000000709800000, 0x0000000709800000, 0x0000000709a00000|  0%| F|  |TAMS 0x0000000709800000, 0x0000000709800000| Untracked 
|  53|0x0000000709a00000, 0x0000000709a00000, 0x0000000709c00000|  0%| F|  |TAMS 0x0000000709a00000, 0x0000000709a00000| Untracked 
|  54|0x0000000709c00000, 0x0000000709c00000, 0x0000000709e00000|  0%| F|  |TAMS 0x0000000709c00000, 0x0000000709c00000| Untracked 
|  55|0x0000000709e00000, 0x0000000709e00000, 0x000000070a000000|  0%| F|  |TAMS 0x0000000709e00000, 0x0000000709e00000| Untracked 
|  56|0x000000070a000000, 0x000000070a000000, 0x000000070a200000|  0%| F|  |TAMS 0x000000070a000000, 0x000000070a000000| Untracked 
|  57|0x000000070a200000, 0x000000070a200000, 0x000000070a400000|  0%| F|  |TAMS 0x000000070a200000, 0x000000070a200000| Untracked 
|  58|0x000000070a400000, 0x000000070a400000, 0x000000070a600000|  0%| F|  |TAMS 0x000000070a400000, 0x000000070a400000| Untracked 
|  59|0x000000070a600000, 0x000000070a600000, 0x000000070a800000|  0%| F|  |TAMS 0x000000070a600000, 0x000000070a600000| Untracked 
|  60|0x000000070a800000, 0x000000070a800000, 0x000000070aa00000|  0%| F|  |TAMS 0x000000070a800000, 0x000000070a800000| Untracked 
|  61|0x000000070aa00000, 0x000000070aa00000, 0x000000070ac00000|  0%| F|  |TAMS 0x000000070aa00000, 0x000000070aa00000| Untracked 
|  62|0x000000070ac00000, 0x000000070ac00000, 0x000000070ae00000|  0%| F|  |TAMS 0x000000070ac00000, 0x000000070ac00000| Untracked 
|  63|0x000000070ae00000, 0x000000070ae00000, 0x000000070b000000|  0%| F|  |TAMS 0x000000070ae00000, 0x000000070ae00000| Untracked 
|  64|0x000000070b000000, 0x000000070b000000, 0x000000070b200000|  0%| F|  |TAMS 0x000000070b000000, 0x000000070b000000| Untracked 
|  65|0x000000070b200000, 0x000000070b200000, 0x000000070b400000|  0%| F|  |TAMS 0x000000070b200000, 0x000000070b200000| Untracked 
|  66|0x000000070b400000, 0x000000070b400000, 0x000000070b600000|  0%| F|  |TAMS 0x000000070b400000, 0x000000070b400000| Untracked 
|  67|0x000000070b600000, 0x000000070b600000, 0x000000070b800000|  0%| F|  |TAMS 0x000000070b600000, 0x000000070b600000| Untracked 
|  68|0x000000070b800000, 0x000000070b800000, 0x000000070ba00000|  0%| F|  |TAMS 0x000000070b800000, 0x000000070b800000| Untracked 
|  69|0x000000070ba00000, 0x000000070ba00000, 0x000000070bc00000|  0%| F|  |TAMS 0x000000070ba00000, 0x000000070ba00000| Untracked 
|  70|0x000000070bc00000, 0x000000070bc00000, 0x000000070be00000|  0%| F|  |TAMS 0x000000070bc00000, 0x000000070bc00000| Untracked 
|  71|0x000000070be00000, 0x000000070be00000, 0x000000070c000000|  0%| F|  |TAMS 0x000000070be00000, 0x000000070be00000| Untracked 
|  72|0x000000070c000000, 0x000000070c000000, 0x000000070c200000|  0%| F|  |TAMS 0x000000070c000000, 0x000000070c000000| Untracked 
|  73|0x000000070c200000, 0x000000070c200000, 0x000000070c400000|  0%| F|  |TAMS 0x000000070c200000, 0x000000070c200000| Untracked 
|  74|0x000000070c400000, 0x000000070c400000, 0x000000070c600000|  0%| F|  |TAMS 0x000000070c400000, 0x000000070c400000| Untracked 
|  75|0x000000070c600000, 0x000000070c600000, 0x000000070c800000|  0%| F|  |TAMS 0x000000070c600000, 0x000000070c600000| Untracked 
|  76|0x000000070c800000, 0x000000070c800000, 0x000000070ca00000|  0%| F|  |TAMS 0x000000070c800000, 0x000000070c800000| Untracked 
|  77|0x000000070ca00000, 0x000000070ca00000, 0x000000070cc00000|  0%| F|  |TAMS 0x000000070ca00000, 0x000000070ca00000| Untracked 
|  78|0x000000070cc00000, 0x000000070cc00000, 0x000000070ce00000|  0%| F|  |TAMS 0x000000070cc00000, 0x000000070cc00000| Untracked 
|  79|0x000000070ce00000, 0x000000070ce00000, 0x000000070d000000|  0%| F|  |TAMS 0x000000070ce00000, 0x000000070ce00000| Untracked 
|  80|0x000000070d000000, 0x000000070d000000, 0x000000070d200000|  0%| F|  |TAMS 0x000000070d000000, 0x000000070d000000| Untracked 
|  81|0x000000070d200000, 0x000000070d200000, 0x000000070d400000|  0%| F|  |TAMS 0x000000070d200000, 0x000000070d200000| Untracked 
|  82|0x000000070d400000, 0x000000070d400000, 0x000000070d600000|  0%| F|  |TAMS 0x000000070d400000, 0x000000070d400000| Untracked 
|  83|0x000000070d600000, 0x000000070d600000, 0x000000070d800000|  0%| F|  |TAMS 0x000000070d600000, 0x000000070d600000| Untracked 
|  84|0x000000070d800000, 0x000000070d800000, 0x000000070da00000|  0%| F|  |TAMS 0x000000070d800000, 0x000000070d800000| Untracked 
|  85|0x000000070da00000, 0x000000070da00000, 0x000000070dc00000|  0%| F|  |TAMS 0x000000070da00000, 0x000000070da00000| Untracked 
|  86|0x000000070dc00000, 0x000000070dc00000, 0x000000070de00000|  0%| F|  |TAMS 0x000000070dc00000, 0x000000070dc00000| Untracked 
|  87|0x000000070de00000, 0x000000070de00000, 0x000000070e000000|  0%| F|  |TAMS 0x000000070de00000, 0x000000070de00000| Untracked 
|  88|0x000000070e000000, 0x000000070e000000, 0x000000070e200000|  0%| F|  |TAMS 0x000000070e000000, 0x000000070e000000| Untracked 
|  89|0x000000070e200000, 0x000000070e200000, 0x000000070e400000|  0%| F|  |TAMS 0x000000070e200000, 0x000000070e200000| Untracked 
|  90|0x000000070e400000, 0x000000070e400000, 0x000000070e600000|  0%| F|  |TAMS 0x000000070e400000, 0x000000070e400000| Untracked 
|  91|0x000000070e600000, 0x000000070e600000, 0x000000070e800000|  0%| F|  |TAMS 0x000000070e600000, 0x000000070e600000| Untracked 
|  92|0x000000070e800000, 0x000000070e800000, 0x000000070ea00000|  0%| F|  |TAMS 0x000000070e800000, 0x000000070e800000| Untracked 
|  93|0x000000070ea00000, 0x000000070ea00000, 0x000000070ec00000|  0%| F|  |TAMS 0x000000070ea00000, 0x000000070ea00000| Untracked 
|  94|0x000000070ec00000, 0x000000070ec00000, 0x000000070ee00000|  0%| F|  |TAMS 0x000000070ec00000, 0x000000070ec00000| Untracked 
|  95|0x000000070ee00000, 0x000000070ee00000, 0x000000070f000000|  0%| F|  |TAMS 0x000000070ee00000, 0x000000070ee00000| Untracked 
|  96|0x000000070f000000, 0x000000070f000000, 0x000000070f200000|  0%| F|  |TAMS 0x000000070f000000, 0x000000070f000000| Untracked 
|  97|0x000000070f200000, 0x000000070f200000, 0x000000070f400000|  0%| F|  |TAMS 0x000000070f200000, 0x000000070f200000| Untracked 
|  98|0x000000070f400000, 0x000000070f400000, 0x000000070f600000|  0%| F|  |TAMS 0x000000070f400000, 0x000000070f400000| Untracked 
|  99|0x000000070f600000, 0x000000070f600000, 0x000000070f800000|  0%| F|  |TAMS 0x000000070f600000, 0x000000070f600000| Untracked 
| 100|0x000000070f800000, 0x000000070f800000, 0x000000070fa00000|  0%| F|  |TAMS 0x000000070f800000, 0x000000070f800000| Untracked 
| 101|0x000000070fa00000, 0x000000070fa00000, 0x000000070fc00000|  0%| F|  |TAMS 0x000000070fa00000, 0x000000070fa00000| Untracked 
| 102|0x000000070fc00000, 0x000000070fc00000, 0x000000070fe00000|  0%| F|  |TAMS 0x000000070fc00000, 0x000000070fc00000| Untracked 
| 103|0x000000070fe00000, 0x000000070fe00000, 0x0000000710000000|  0%| F|  |TAMS 0x000000070fe00000, 0x000000070fe00000| Untracked 
| 104|0x0000000710000000, 0x0000000710000000, 0x0000000710200000|  0%| F|  |TAMS 0x0000000710000000, 0x0000000710000000| Untracked 
| 105|0x0000000710200000, 0x0000000710200000, 0x0000000710400000|  0%| F|  |TAMS 0x0000000710200000, 0x0000000710200000| Untracked 
| 106|0x0000000710400000, 0x0000000710400000, 0x0000000710600000|  0%| F|  |TAMS 0x0000000710400000, 0x0000000710400000| Untracked 
| 107|0x0000000710600000, 0x0000000710600000, 0x0000000710800000|  0%| F|  |TAMS 0x0000000710600000, 0x0000000710600000| Untracked 
| 108|0x0000000710800000, 0x0000000710800000, 0x0000000710a00000|  0%| F|  |TAMS 0x0000000710800000, 0x0000000710800000| Untracked 
| 109|0x0000000710a00000, 0x0000000710a00000, 0x0000000710c00000|  0%| F|  |TAMS 0x0000000710a00000, 0x0000000710a00000| Untracked 
| 110|0x0000000710c00000, 0x0000000710c00000, 0x0000000710e00000|  0%| F|  |TAMS 0x0000000710c00000, 0x0000000710c00000| Untracked 
| 111|0x0000000710e00000, 0x0000000710e00000, 0x0000000711000000|  0%| F|  |TAMS 0x0000000710e00000, 0x0000000710e00000| Untracked 
| 112|0x0000000711000000, 0x0000000711000000, 0x0000000711200000|  0%| F|  |TAMS 0x0000000711000000, 0x0000000711000000| Untracked 
| 113|0x0000000711200000, 0x0000000711200000, 0x0000000711400000|  0%| F|  |TAMS 0x0000000711200000, 0x0000000711200000| Untracked 
| 114|0x0000000711400000, 0x0000000711600000, 0x0000000711600000|100%| S|CS|TAMS 0x0000000711400000, 0x0000000711400000| Complete 
| 115|0x0000000711600000, 0x0000000711800000, 0x0000000711800000|100%| S|CS|TAMS 0x0000000711600000, 0x0000000711600000| Complete 
| 116|0x0000000711800000, 0x0000000711800000, 0x0000000711a00000|  0%| F|  |TAMS 0x0000000711800000, 0x0000000711800000| Untracked 
| 117|0x0000000711a00000, 0x0000000711a00000, 0x0000000711c00000|  0%| F|  |TAMS 0x0000000711a00000, 0x0000000711a00000| Untracked 
| 118|0x0000000711c00000, 0x0000000711c00000, 0x0000000711e00000|  0%| F|  |TAMS 0x0000000711c00000, 0x0000000711c00000| Untracked 
| 119|0x0000000711e00000, 0x0000000711e89548, 0x0000000712000000| 26%| E|  |TAMS 0x0000000711e00000, 0x0000000711e00000| Complete 
| 120|0x0000000712000000, 0x0000000712200000, 0x0000000712200000|100%| E|CS|TAMS 0x0000000712000000, 0x0000000712000000| Complete 
| 121|0x0000000712200000, 0x0000000712400000, 0x0000000712400000|100%| E|CS|TAMS 0x0000000712200000, 0x0000000712200000| Complete 
| 122|0x0000000712400000, 0x0000000712600000, 0x0000000712600000|100%| E|CS|TAMS 0x0000000712400000, 0x0000000712400000| Complete 
| 123|0x0000000712600000, 0x0000000712800000, 0x0000000712800000|100%| E|CS|TAMS 0x0000000712600000, 0x0000000712600000| Complete 
| 124|0x0000000712800000, 0x0000000712a00000, 0x0000000712a00000|100%| E|CS|TAMS 0x0000000712800000, 0x0000000712800000| Complete 
| 125|0x0000000712a00000, 0x0000000712c00000, 0x0000000712c00000|100%| E|CS|TAMS 0x0000000712a00000, 0x0000000712a00000| Complete 
| 126|0x0000000712c00000, 0x0000000712e00000, 0x0000000712e00000|100%| E|CS|TAMS 0x0000000712c00000, 0x0000000712c00000| Complete 

Card table byte_map: [0x0000017babab0000,0x0000017bac2a0000] _byte_map_base: 0x0000017ba8298000

Marking Bits (Prev, Next): (CMBitMap*) 0x0000017b944e4f10, (CMBitMap*) 0x0000017b944e4f50
 Prev Bits: [0x0000017baca90000, 0x0000017bb09d0000)
 Next Bits: [0x0000017bb09d0000, 0x0000017bb4910000)

Polling page: 0x0000017b92470000

Metaspace:

Usage:
  Non-class:      9.07 MB used.
      Class:      1.29 MB used.
       Both:     10.37 MB used.

Virtual space:
  Non-class space:       64.00 MB reserved,       9.19 MB ( 14%) committed,  1 nodes.
      Class space:        1.00 GB reserved,       1.38 MB ( <1%) committed,  1 nodes.
             Both:        1.06 GB reserved,      10.56 MB ( <1%) committed. 

Chunk freelists:
   Non-Class:  6.30 MB
       Class:  14.44 MB
        Both:  20.73 MB

MaxMetaspaceSize: unlimited
CompressedClassSpaceSize: 1.00 GB
Initial GC threshold: 21.00 MB
Current GC threshold: 21.00 MB
CDS: on
MetaspaceReclaimPolicy: balanced
 - commit_granule_bytes: 65536.
 - commit_granule_words: 8192.
 - virtual_space_node_default_size: 8388608.
 - enlarge_chunks_in_place: 1.
 - new_chunks_are_fully_committed: 0.
 - uncommit_free_chunks: 1.
 - use_allocation_guard: 0.
 - handle_deallocations: 1.


Internal statistics:

num_allocs_failed_limit: 0.
num_arena_births: 190.
num_arena_deaths: 0.
num_vsnodes_births: 2.
num_vsnodes_deaths: 0.
num_space_committed: 169.
num_space_uncommitted: 0.
num_chunks_returned_to_freelist: 0.
num_chunks_taken_from_freelist: 424.
num_chunk_merges: 0.
num_chunk_splits: 239.
num_chunks_enlarged: 151.
num_inconsistent_stats: 0.

CodeHeap 'non-profiled nmethods': size=120000Kb used=297Kb max_used=297Kb free=119702Kb
 bounds [0x0000017ba3a50000, 0x0000017ba3cc0000, 0x0000017baaf80000]
CodeHeap 'profiled nmethods': size=120000Kb used=1352Kb max_used=1352Kb free=118647Kb
 bounds [0x0000017b9bf80000, 0x0000017b9c1f0000, 0x0000017ba34b0000]
CodeHeap 'non-nmethods': size=5760Kb used=1275Kb max_used=1307Kb free=4484Kb
 bounds [0x0000017ba34b0000, 0x0000017ba3720000, 0x0000017ba3a50000]
 total_blobs=1345 nmethods=833 adapters=425
 compilation: enabled
              stopped_count=0, restarted_count=0
 full_count=0

Compilation events (20 events):
Event: 29.289 Thread 0x0000017bb7498080  823       3       java.lang.invoke.MethodHandles$Lookup::checkMethodName (45 bytes)
Event: 29.290 Thread 0x0000017bb7498080 nmethod 823 0x0000017b9c0ce810 code [0x0000017b9c0cea60, 0x0000017b9c0cf1c8]
Event: 29.297 Thread 0x0000017bb7498080  825       3       jdk.internal.org.objectweb.asm.MethodWriter::visitAnnotation (40 bytes)
Event: 29.297 Thread 0x0000017bb7498080 nmethod 825 0x0000017b9c0cf490 code [0x0000017b9c0cf640, 0x0000017b9c0cf938]
Event: 29.297 Thread 0x0000017bb7498080  826       3       jdk.internal.org.objectweb.asm.AnnotationWriter::create (34 bytes)
Event: 29.298 Thread 0x0000017bb7498080 nmethod 826 0x0000017b9c0cfa10 code [0x0000017b9c0cfc00, 0x0000017b9c0d00b8]
Event: 29.298 Thread 0x0000017bb7498080  827       3       jdk.internal.org.objectweb.asm.AnnotationWriter::<init> (60 bytes)
Event: 29.298 Thread 0x0000017bb7498080 nmethod 827 0x0000017b9c0d0290 code [0x0000017b9c0d0460, 0x0000017b9c0d0888]
Event: 29.301 Thread 0x0000017bb7492990  828       4       java.lang.String::replace (42 bytes)
Event: 29.303 Thread 0x0000017bb7498080  829       3       java.lang.invoke.InnerClassLambdaMetafactory::getOpcodeOffset (38 bytes)
Event: 29.303 Thread 0x0000017bb7498080 nmethod 829 0x0000017b9c0d0a10 code [0x0000017b9c0d0be0, 0x0000017b9c0d0eb8]
Event: 29.304 Thread 0x0000017bb7498080  830       3       java.lang.ref.Cleaner::register (25 bytes)
Event: 29.305 Thread 0x0000017bb7498080 nmethod 830 0x0000017b9c0d0f90 code [0x0000017b9c0d11a0, 0x0000017b9c0d1728]
Event: 29.306 Thread 0x0000017bb7498080  831       3       jdk.internal.org.objectweb.asm.MethodVisitor::visitFieldInsn (20 bytes)
Event: 29.306 Thread 0x0000017bb7498080 nmethod 831 0x0000017b9c0d1990 code [0x0000017b9c0d1b40, 0x0000017b9c0d1d88]
Event: 29.318 Thread 0x0000017bb7498080  832       3       java.util.concurrent.atomic.AtomicInteger::incrementAndGet (14 bytes)
Event: 29.318 Thread 0x0000017bb7498080 nmethod 832 0x0000017b9c0d1e90 code [0x0000017b9c0d2020, 0x0000017b9c0d2138]
Event: 29.321 Thread 0x0000017bb7498080  833       1       java.util.concurrent.locks.AbstractOwnableSynchronizer::setExclusiveOwnerThread (6 bytes)
Event: 29.321 Thread 0x0000017bb7498080 nmethod 833 0x0000017ba3a99690 code [0x0000017ba3a99820, 0x0000017ba3a99938]
Event: 29.324 Thread 0x0000017bb7492990 nmethod 828 0x0000017ba3a99990 code [0x0000017ba3a99b20, 0x0000017ba3a9a258]

GC Heap History (2 events):
Event: 18.119 GC heap before
{Heap before GC invocations=0 (full 0):
 garbage-first heap   total 260096K, used 20480K [0x0000000703000000, 0x0000000800000000)
  region size 2048K, 11 young (22528K), 0 survivors (0K)
 Metaspace       used 6106K, committed 6272K, reserved 1114112K
  class space    used 738K, committed 832K, reserved 1048576K
}
Event: 18.123 GC heap after
{Heap after GC invocations=1 (full 0):
 garbage-first heap   total 260096K, used 5074K [0x0000000703000000, 0x0000000800000000)
  region size 2048K, 2 young (4096K), 2 survivors (4096K)
 Metaspace       used 6106K, committed 6272K, reserved 1114112K
  class space    used 738K, committed 832K, reserved 1048576K
}

Dll operation events (9 events):
Event: 0.028 Loaded shared library C:\Program Files\Amazon Corretto\jdk17.0.9_8\bin\java.dll
Event: 0.031 Loaded shared library C:\Program Files\Amazon Corretto\jdk17.0.9_8\bin\zip.dll
Event: 0.063 Loaded shared library C:\Program Files\Amazon Corretto\jdk17.0.9_8\bin\jsvml.dll
Event: 0.260 Loaded shared library C:\Program Files\Amazon Corretto\jdk17.0.9_8\bin\instrument.dll
Event: 0.338 Loaded shared library C:\Program Files\Amazon Corretto\jdk17.0.9_8\bin\net.dll
Event: 0.342 Loaded shared library C:\Program Files\Amazon Corretto\jdk17.0.9_8\bin\nio.dll
Event: 0.376 Loaded shared library C:\Program Files\Amazon Corretto\jdk17.0.9_8\bin\zip.dll
Event: 14.158 Loaded shared library C:\Program Files\Amazon Corretto\jdk17.0.9_8\bin\jimage.dll
Event: 17.231 Loaded shared library C:\Program Files\Amazon Corretto\jdk17.0.9_8\bin\sunmscapi.dll

Deoptimization events (20 events):
Event: 0.384 Thread 0x0000017b9447f620 Uncommon trap: trap_request=0xffffffde fr.pc=0x0000017ba3a5d7a4 relative=0x0000000000000ac4
Event: 0.384 Thread 0x0000017b9447f620 Uncommon trap: reason=class_check action=maybe_recompile pc=0x0000017ba3a5d7a4 method=java.util.HashMap.putVal(ILjava/lang/Object;Ljava/lang/Object;ZZ)Ljava/lang/Object; @ 152 c2
Event: 0.384 Thread 0x0000017b9447f620 DEOPT PACKING pc=0x0000017ba3a5d7a4 sp=0x00000015b28faad0
Event: 0.384 Thread 0x0000017b9447f620 DEOPT UNPACKING pc=0x0000017ba35069a3 sp=0x00000015b28faa70 mode 2
Event: 16.912 Thread 0x0000017bfd064250 Uncommon trap: trap_request=0xffffffde fr.pc=0x0000017ba3a5d7a4 relative=0x0000000000000ac4
Event: 16.912 Thread 0x0000017bfd064250 Uncommon trap: reason=class_check action=maybe_recompile pc=0x0000017ba3a5d7a4 method=java.util.HashMap.putVal(ILjava/lang/Object;Ljava/lang/Object;ZZ)Ljava/lang/Object; @ 152 c2
Event: 16.912 Thread 0x0000017bfd064250 DEOPT PACKING pc=0x0000017ba3a5d7a4 sp=0x00000015b3efd810
Event: 16.912 Thread 0x0000017bfd064250 DEOPT UNPACKING pc=0x0000017ba35069a3 sp=0x00000015b3efd7b0 mode 2
Event: 16.912 Thread 0x0000017bfd064250 Uncommon trap: trap_request=0xffffffde fr.pc=0x0000017ba3a5d7a4 relative=0x0000000000000ac4
Event: 16.912 Thread 0x0000017bfd064250 Uncommon trap: reason=class_check action=maybe_recompile pc=0x0000017ba3a5d7a4 method=java.util.HashMap.putVal(ILjava/lang/Object;Ljava/lang/Object;ZZ)Ljava/lang/Object; @ 152 c2
Event: 16.912 Thread 0x0000017bfd064250 DEOPT PACKING pc=0x0000017ba3a5d7a4 sp=0x00000015b3efd8d0
Event: 16.912 Thread 0x0000017bfd064250 DEOPT UNPACKING pc=0x0000017ba35069a3 sp=0x00000015b3efd870 mode 2
Event: 16.940 Thread 0x0000017bfd064250 Uncommon trap: trap_request=0xffffffde fr.pc=0x0000017ba3a5d7a4 relative=0x0000000000000ac4
Event: 16.940 Thread 0x0000017bfd064250 Uncommon trap: reason=class_check action=maybe_recompile pc=0x0000017ba3a5d7a4 method=java.util.HashMap.putVal(ILjava/lang/Object;Ljava/lang/Object;ZZ)Ljava/lang/Object; @ 152 c2
Event: 16.940 Thread 0x0000017bfd064250 DEOPT PACKING pc=0x0000017ba3a5d7a4 sp=0x00000015b3efdbf0
Event: 16.940 Thread 0x0000017bfd064250 DEOPT UNPACKING pc=0x0000017ba35069a3 sp=0x00000015b3efdb90 mode 2
Event: 20.169 Thread 0x0000017bfd3ffa00 DEOPT PACKING pc=0x0000017b9bfafec6 sp=0x00000015b4bfd520
Event: 20.169 Thread 0x0000017bfd3ffa00 DEOPT UNPACKING pc=0x0000017ba3507143 sp=0x00000015b4bfc9f0 mode 0
Event: 28.988 Thread 0x0000017bfd5da530 DEOPT PACKING pc=0x0000017b9bfb659f sp=0x00000015b4dfd7f0
Event: 28.988 Thread 0x0000017bfd5da530 DEOPT UNPACKING pc=0x0000017ba3507143 sp=0x00000015b4dfcc88 mode 0

Classes unloaded (0 events):
No events

Classes redefined (0 events):
No events

Internal exceptions (20 events):
Event: 19.288 Thread 0x0000017bfd3dd9c0 Exception <a 'java/net/ConnectException'{0x00000007126c0d00}: Connection refused: no further information> (0x00000007126c0d00) 
thrown [s\src\hotspot\share\prims\jni.cpp, line 535]
Event: 19.289 Thread 0x0000017bfd3dd9c0 Exception <a 'java/net/SocketException'{0x00000007126c1038}: Socket is not connected: shutdown> (0x00000007126c1038) 
thrown [s\src\hotspot\share\prims\jni.cpp, line 535]
Event: 19.291 Thread 0x0000017bfd3dd9c0 Exception <a 'java/net/ConnectException'{0x00000007126c1898}: Connection refused: no further information> (0x00000007126c1898) 
thrown [s\src\hotspot\share\prims\jni.cpp, line 535]
Event: 19.291 Thread 0x0000017bfd3dd9c0 Exception <a 'java/net/SocketException'{0x00000007126c1bd0}: Socket is not connected: shutdown> (0x00000007126c1bd0) 
thrown [s\src\hotspot\share\prims\jni.cpp, line 535]
Event: 19.294 Thread 0x0000017bfd3dd9c0 Exception <a 'java/net/ConnectException'{0x00000007126c2430}: Connection refused: no further information> (0x00000007126c2430) 
thrown [s\src\hotspot\share\prims\jni.cpp, line 535]
Event: 19.294 Thread 0x0000017bfd3dd9c0 Exception <a 'java/net/SocketException'{0x00000007126c2768}: Socket is not connected: shutdown> (0x00000007126c2768) 
thrown [s\src\hotspot\share\prims\jni.cpp, line 535]
Event: 19.299 Thread 0x0000017bfd3dd9c0 Exception <a 'java/net/ConnectException'{0x00000007126c2fc8}: Connection refused: no further information> (0x00000007126c2fc8) 
thrown [s\src\hotspot\share\prims\jni.cpp, line 535]
Event: 19.300 Thread 0x0000017bfd3dd9c0 Exception <a 'java/net/SocketException'{0x00000007126c3300}: Socket is not connected: shutdown> (0x00000007126c3300) 
thrown [s\src\hotspot\share\prims\jni.cpp, line 535]
Event: 19.302 Thread 0x0000017bfd3dd9c0 Exception <a 'java/net/ConnectException'{0x00000007126c3b60}: Connection refused: no further information> (0x00000007126c3b60) 
thrown [s\src\hotspot\share\prims\jni.cpp, line 535]
Event: 19.302 Thread 0x0000017bfd3dd9c0 Exception <a 'java/net/SocketException'{0x00000007126c3e98}: Socket is not connected: shutdown> (0x00000007126c3e98) 
thrown [s\src\hotspot\share\prims\jni.cpp, line 535]
Event: 19.566 Thread 0x0000017b9447f620 Exception <a 'java/lang/NoSuchMethodError'{0x00000007127f40a0}: 'java.lang.Object java.lang.invoke.DirectMethodHandle$Holder.newInvokeSpecial(java.lang.Object, java.lang.Object, int, int)'> (0x00000007127f40a0) 
thrown [s\src\hotspot\share\interpreter\linkResolver.cpp, line 759]
Event: 19.576 Thread 0x0000017b9447f620 Exception <a 'java/lang/NoSuchMethodError'{0x00000007127fec40}: 'void java.lang.invoke.DirectMethodHandle$Holder.invokeStatic(java.lang.Object, java.lang.Object, int)'> (0x00000007127fec40) 
thrown [s\src\hotspot\share\interpreter\linkResolver.cpp, line 759]
Event: 19.749 Thread 0x0000017b9447f620 Exception <a 'java/lang/NoSuchMethodError'{0x00000007124d21f0}: 'java.lang.Object java.lang.invoke.DirectMethodHandle$Holder.newInvokeSpecial(java.lang.Object, java.lang.Object, java.lang.Object, java.lang.Object, java.lang.Object)'> (0x00000007124d21f0) 
thrown [s\src\hotspot\share\interpreter\linkResolver.cpp, line 759]
Event: 19.805 Thread 0x0000017b9447f620 Exception <a 'java/lang/NoSuchMethodError'{0x00000007125007a8}: 'void java.lang.invoke.DirectMethodHandle$Holder.invokeInterface(java.lang.Object, java.lang.Object, java.lang.Object)'> (0x00000007125007a8) 
thrown [s\src\hotspot\share\interpreter\linkResolver.cpp, line 759]
Event: 20.056 Thread 0x0000017bfd3ffa00 Exception <a 'java/lang/NoSuchMethodError'{0x000000071226b1b0}: 'java.lang.Object java.lang.invoke.DirectMethodHandle$Holder.invokeSpecial(java.lang.Object, java.lang.Object, java.lang.Object, java.lang.Object, int)'> (0x000000071226b1b0) 
thrown [s\src\hotspot\share\interpreter\linkResolver.cpp, line 759]
Event: 20.057 Thread 0x0000017bfd3ffa00 Exception <a 'java/lang/NoSuchMethodError'{0x000000071226ed78}: 'java.lang.Object java.lang.invoke.Invokers$Holder.linkToTargetMethod(java.lang.Object, java.lang.Object, int, java.lang.Object)'> (0x000000071226ed78) 
thrown [s\src\hotspot\share\interpreter\linkResolver.cpp, line 759]
Event: 20.103 Thread 0x0000017bfd3ffa00 Exception <a 'java/lang/NoSuchMethodError'{0x00000007122b4398}: 'void java.lang.invoke.DirectMethodHandle$Holder.invokeSpecial(java.lang.Object, java.lang.Object, java.lang.Object)'> (0x00000007122b4398) 
thrown [s\src\hotspot\share\interpreter\linkResolver.cpp, line 759]
Event: 20.154 Thread 0x0000017bfd3ffa00 Exception <a 'java/lang/NoSuchMethodError'{0x0000000712303388}: 'void java.lang.invoke.DirectMethodHandle$Holder.invokeSpecial(java.lang.Object, java.lang.Object, java.lang.Object, java.lang.Object, java.lang.Object)'> (0x0000000712303388) 
thrown [s\src\hotspot\share\interpreter\linkResolver.cpp, line 759]
Event: 29.297 Thread 0x0000017bfd5da530 Exception <a 'java/lang/NoSuchMethodError'{0x000000071201e258}: 'void java.lang.invoke.DirectMethodHandle$Holder.invokeSpecial(java.lang.Object, java.lang.Object, java.lang.Object, java.lang.Object, java.lang.Object, java.lang.Object, java.lang.Object)'> (0x000000071201e258) 
thrown [s\src\hotspot\share\interpreter\linkResolver.cpp, line 759]
Event: 29.471 Thread 0x0000017b9447f620 Exception <a 'java/lang/NoSuchMethodError'{0x00000007120ea0b8}: 'java.lang.Object java.lang.invoke.DirectMethodHandle$Holder.invokeSpecialIFC(java.lang.Object, java.lang.Object, java.lang.Object)'> (0x00000007120ea0b8) 
thrown [s\src\hotspot\share\interpreter\linkResolver.cpp, line 759]

VM Operations (20 events):
Event: 14.940 Executing VM operation: HandshakeAllThreads
Event: 14.940 Executing VM operation: HandshakeAllThreads done
Event: 15.727 Executing VM operation: HandshakeAllThreads
Event: 15.727 Executing VM operation: HandshakeAllThreads done
Event: 16.740 Executing VM operation: Cleanup
Event: 16.740 Executing VM operation: Cleanup done
Event: 17.753 Executing VM operation: Cleanup
Event: 17.753 Executing VM operation: Cleanup done
Event: 18.119 Executing VM operation: G1CollectForAllocation
Event: 18.123 Executing VM operation: G1CollectForAllocation done
Event: 18.453 Executing VM operation: HandshakeAllThreads
Event: 18.453 Executing VM operation: HandshakeAllThreads done
Event: 19.459 Executing VM operation: Cleanup
Event: 19.459 Executing VM operation: Cleanup done
Event: 20.465 Executing VM operation: Cleanup
Event: 20.466 Executing VM operation: Cleanup done
Event: 23.495 Executing VM operation: Cleanup
Event: 23.495 Executing VM operation: Cleanup done
Event: 29.527 Executing VM operation: Cleanup
Event: 29.528 Executing VM operation: Cleanup done

Events (20 events):
Event: 30.235 loading class org/openqa/selenium/remote/codec/w3c/W3CHttpResponseCodec
Event: 30.235 loading class org/openqa/selenium/remote/codec/w3c/W3CHttpResponseCodec done
Event: 30.238 loading class org/openqa/selenium/remote/codec/AbstractHttpResponseCodec
Event: 30.238 loading class org/openqa/selenium/remote/codec/AbstractHttpResponseCodec done
Event: 30.248 loading class org/openqa/selenium/remote/ErrorCodec
Event: 30.248 loading class org/openqa/selenium/remote/ErrorCodec done
Event: 30.252 loading class org/openqa/selenium/remote/ErrorCodec$W3CError
Event: 30.252 loading class org/openqa/selenium/remote/ErrorCodec$W3CError done
Event: 30.255 loading class org/openqa/selenium/DetachedShadowRootException
Event: 30.255 loading class org/openqa/selenium/DetachedShadowRootException done
Event: 30.258 loading class org/openqa/selenium/InsecureCertificateException
Event: 30.258 loading class org/openqa/selenium/InsecureCertificateException done
Event: 30.261 loading class org/openqa/selenium/remote/Response
Event: 30.261 loading class org/openqa/selenium/remote/Response done
Event: 30.264 loading class org/openqa/selenium/remote/JsonToWebElementConverter
Event: 30.264 loading class org/openqa/selenium/remote/JsonToWebElementConverter done
Event: 30.268 loading class org/openqa/selenium/remote/RemoteWebElement
Event: 30.268 loading class org/openqa/selenium/remote/RemoteWebElement done
Event: 30.271 loading class org/openqa/selenium/interactions/Locatable
Event: 30.271 loading class org/openqa/selenium/interactions/Locatable done


Dynamic libraries:
0x00007ff7b8250000 - 0x00007ff7b825e000 	C:\Program Files\Amazon Corretto\jdk17.0.9_8\bin\java.exe
0x00007ffd6d890000 - 0x00007ffd6da88000 	C:\Windows\SYSTEM32\ntdll.dll
0x00007ffd6bd20000 - 0x00007ffd6bddd000 	C:\Windows\System32\KERNEL32.DLL
0x00007ffd6b440000 - 0x00007ffd6b736000 	C:\Windows\System32\KERNELBASE.dll
0x00007ffd6b0b0000 - 0x00007ffd6b1b0000 	C:\Windows\System32\ucrtbase.dll
0x00007ffd51f80000 - 0x00007ffd51f9b000 	C:\Program Files\Amazon Corretto\jdk17.0.9_8\bin\VCRUNTIME140.dll
0x00007ffd508c0000 - 0x00007ffd508d7000 	C:\Program Files\Amazon Corretto\jdk17.0.9_8\bin\jli.dll
0x00007ffd6ca40000 - 0x00007ffd6cbde000 	C:\Windows\System32\USER32.dll
0x00007ffd6b330000 - 0x00007ffd6b352000 	C:\Windows\System32\win32u.dll
0x00007ffd6bc50000 - 0x00007ffd6bc7b000 	C:\Windows\System32\GDI32.dll
0x00007ffd53890000 - 0x00007ffd53b2a000 	C:\Windows\WinSxS\amd64_microsoft.windows.common-controls_6595b64144ccf1df_6.0.19041.3636_none_60b6a03d71f818d5\COMCTL32.dll
0x00007ffd6b7b0000 - 0x00007ffd6b8c7000 	C:\Windows\System32\gdi32full.dll
0x00007ffd6b1b0000 - 0x00007ffd6b24d000 	C:\Windows\System32\msvcp_win.dll
0x00007ffd6bc80000 - 0x00007ffd6bd1e000 	C:\Windows\System32\msvcrt.dll
0x00007ffd6c590000 - 0x00007ffd6c5c2000 	C:\Windows\System32\IMM32.DLL
0x00007ffd51d90000 - 0x00007ffd51d9c000 	C:\Program Files\Amazon Corretto\jdk17.0.9_8\bin\vcruntime140_1.dll
0x00007ffd2d090000 - 0x00007ffd2d11d000 	C:\Program Files\Amazon Corretto\jdk17.0.9_8\bin\msvcp140.dll
0x00007ffd22da0000 - 0x00007ffd23a01000 	C:\Program Files\Amazon Corretto\jdk17.0.9_8\bin\server\jvm.dll
0x00007ffd6b9e0000 - 0x00007ffd6ba93000 	C:\Windows\System32\ADVAPI32.dll
0x00007ffd6bed0000 - 0x00007ffd6bf6f000 	C:\Windows\System32\sechost.dll
0x00007ffd6cc40000 - 0x00007ffd6cd66000 	C:\Windows\System32\RPCRT4.dll
0x00007ffd6b360000 - 0x00007ffd6b387000 	C:\Windows\System32\bcrypt.dll
0x00007ffd6ad00000 - 0x00007ffd6ad4b000 	C:\Windows\SYSTEM32\POWRPROF.dll
0x00007ffd513c0000 - 0x00007ffd513c9000 	C:\Windows\SYSTEM32\WSOCK32.dll
0x00007ffd6c510000 - 0x00007ffd6c57b000 	C:\Windows\System32\WS2_32.dll
0x00007ffd52d50000 - 0x00007ffd52d77000 	C:\Windows\SYSTEM32\WINMM.dll
0x00007ffd659a0000 - 0x00007ffd659aa000 	C:\Windows\SYSTEM32\VERSION.dll
0x00007ffd6ace0000 - 0x00007ffd6acf2000 	C:\Windows\SYSTEM32\UMPDC.dll
0x00007ffd68dc0000 - 0x00007ffd68dd2000 	C:\Windows\SYSTEM32\kernel.appcore.dll
0x00007ffd50930000 - 0x00007ffd5093a000 	C:\Program Files\Amazon Corretto\jdk17.0.9_8\bin\jimage.dll
0x00007ffd594b0000 - 0x00007ffd59694000 	C:\Windows\SYSTEM32\DBGHELP.DLL
0x00007ffd59380000 - 0x00007ffd593b4000 	C:\Windows\SYSTEM32\dbgcore.DLL
0x00007ffd6b2a0000 - 0x00007ffd6b322000 	C:\Windows\System32\bcryptPrimitives.dll
0x00007ffd3df80000 - 0x00007ffd3dfbb000 	C:\Program Files\Amazon Corretto\jdk17.0.9_8\bin\jdwp.dll
0x00007ffd65840000 - 0x00007ffd6584e000 	C:\Program Files\Amazon Corretto\jdk17.0.9_8\bin\instrument.dll
0x00007ffd48ed0000 - 0x00007ffd48ef5000 	C:\Program Files\Amazon Corretto\jdk17.0.9_8\bin\java.dll
0x00007ffd48520000 - 0x00007ffd48538000 	C:\Program Files\Amazon Corretto\jdk17.0.9_8\bin\zip.dll
0x00007ffd2b640000 - 0x00007ffd2b717000 	C:\Program Files\Amazon Corretto\jdk17.0.9_8\bin\jsvml.dll
0x00007ffd6d040000 - 0x00007ffd6d785000 	C:\Windows\System32\SHELL32.dll
0x00007ffd68fc0000 - 0x00007ffd6975c000 	C:\Windows\SYSTEM32\windows.storage.dll
0x00007ffd6c1b0000 - 0x00007ffd6c504000 	C:\Windows\System32\combase.dll
0x00007ffd6a7d0000 - 0x00007ffd6a7fe000 	C:\Windows\SYSTEM32\Wldp.dll
0x00007ffd6be00000 - 0x00007ffd6becd000 	C:\Windows\System32\OLEAUT32.dll
0x00007ffd6bf70000 - 0x00007ffd6c01d000 	C:\Windows\System32\SHCORE.dll
0x00007ffd6cfe0000 - 0x00007ffd6d035000 	C:\Windows\System32\shlwapi.dll
0x00007ffd6ae80000 - 0x00007ffd6aea5000 	C:\Windows\SYSTEM32\profapi.dll
0x00007ffd58630000 - 0x00007ffd5863c000 	C:\Program Files\Amazon Corretto\jdk17.0.9_8\bin\dt_socket.dll
0x00007ffd6a2c0000 - 0x00007ffd6a2fb000 	C:\Windows\SYSTEM32\IPHLPAPI.DLL
0x00007ffd6a5b0000 - 0x00007ffd6a61a000 	C:\Windows\system32\mswsock.dll
0x00007ffd4ce20000 - 0x00007ffd4ce39000 	C:\Program Files\Amazon Corretto\jdk17.0.9_8\bin\net.dll
0x00007ffd63be0000 - 0x00007ffd63cea000 	C:\Windows\SYSTEM32\WINHTTP.dll
0x00007ffd4be20000 - 0x00007ffd4be36000 	C:\Program Files\Amazon Corretto\jdk17.0.9_8\bin\nio.dll
0x00007ffd6a300000 - 0x00007ffd6a3cb000 	C:\Windows\SYSTEM32\DNSAPI.dll
0x00007ffd6bde0000 - 0x00007ffd6bde8000 	C:\Windows\System32\NSI.dll
0x00000000554f0000 - 0x0000000055516000 	C:\Program Files\Bonjour\mdnsNSP.dll
0x00007ffd55f40000 - 0x00007ffd55f4a000 	C:\Windows\System32\rasadhlp.dll
0x00007ffd60780000 - 0x00007ffd60800000 	C:\Windows\System32\fwpuclnt.dll
0x00007ffd53f50000 - 0x00007ffd53f5e000 	C:\Program Files\Amazon Corretto\jdk17.0.9_8\bin\sunmscapi.dll
0x00007ffd6af50000 - 0x00007ffd6b0ad000 	C:\Windows\System32\CRYPT32.dll
0x00007ffd6a980000 - 0x00007ffd6a9a8000 	C:\Windows\SYSTEM32\ncrypt.dll
0x00007ffd6a940000 - 0x00007ffd6a97b000 	C:\Windows\SYSTEM32\NTASN1.dll
0x00007ffd6a810000 - 0x00007ffd6a828000 	C:\Windows\SYSTEM32\CRYPTSP.dll
0x00007ffd69f00000 - 0x00007ffd69f34000 	C:\Windows\system32\rsaenh.dll
0x00007ffd6ae40000 - 0x00007ffd6ae6e000 	C:\Windows\SYSTEM32\USERENV.dll
0x00007ffd6a740000 - 0x00007ffd6a74c000 	C:\Windows\SYSTEM32\CRYPTBASE.dll
0x00007ffd64be0000 - 0x00007ffd64bf7000 	C:\Windows\SYSTEM32\dhcpcsvc6.DLL
0x00007ffd65150000 - 0x00007ffd6516d000 	C:\Windows\SYSTEM32\dhcpcsvc.DLL
0x00007ffd58ca0000 - 0x00007ffd58ca7000 	C:\Windows\system32\wshunix.dll

dbghelp: loaded successfully - version: 4.0.5 - missing functions: none
symbol engine: initialized successfully - sym options: 0x614 - pdb path: .;C:\Program Files\Amazon Corretto\jdk17.0.9_8\bin;C:\Windows\SYSTEM32;C:\Windows\WinSxS\amd64_microsoft.windows.common-controls_6595b64144ccf1df_6.0.19041.3636_none_60b6a03d71f818d5;C:\Program Files\Amazon Corretto\jdk17.0.9_8\bin\server;C:\Program Files\Bonjour

VM Arguments:
jvm_args: -agentlib:jdwp=transport=dt_socket,address=127.0.0.1:61473,suspend=y,server=n -javaagent:C:\Users\HP\AppData\Local\JetBrains\IdeaIC2023.3\captureAgent\debugger-agent.jar -Dfile.encoding=UTF-8 
java_command: Main
java_class_path (initial): C:\Users\HP\IdeaProjects\odev_14\target\classes;C:\Users\HP\IdeaProjects\selenium_chrome_driver\selenium-java-4.18.1\selenium-os-4.18.1.jar;C:\Users\HP\IdeaProjects\selenium_chrome_driver\selenium-java-4.18.1\selenium-api-4.18.1.jar;C:\Users\HP\IdeaProjects\selenium_chrome_driver\selenium-java-4.18.1\selenium-http-4.18.1.jar;C:\Users\HP\IdeaProjects\selenium_chrome_driver\selenium-java-4.18.1\selenium-java-4.18.1.jar;C:\Users\HP\IdeaProjects\selenium_chrome_driver\selenium-java-4.18.1\selenium-json-4.18.1.jar;C:\Users\HP\IdeaProjects\selenium_chrome_driver\selenium-java-4.18.1\selenium-manager-4.18.1.jar;C:\Users\HP\IdeaProjects\selenium_chrome_driver\selenium-java-4.18.1\selenium-support-4.18.1.jar;C:\Users\HP\IdeaProjects\selenium_chrome_driver\selenium-java-4.18.1\selenium-ie-driver-4.18.1.jar;C:\Users\HP\IdeaProjects\selenium_chrome_driver\selenium-java-4.18.1\selenium-os-4.18.1-sources.jar;C:\Users\HP\IdeaProjects\selenium_chrome_driver\selenium-java-4.18.1\selenium-api-4.18.1-sources.jar;C:\Users\HP\IdeaProjects\selenium_chrome_driver\selenium-java-4.18.1\selenium-edge-driver-4.18.1.jar;C:\Users\HP\IdeaProjects\selenium_chrome_driver\selenium-java-4.18.1\selenium-devtools-v85-4.18.1.jar;C:\Users\HP\IdeaProjects\selenium_chrome_driver\selenium-java-4.18.1\selenium-http-4.18.1-sources.jar;C:\Users\HP\IdeaProjects\selenium_chrome_driver\selenium-java-4.18.1\selenium-java-4.18.1-sources.jar;C:\Users\HP\IdeaProjects\selenium_chrome_driver\selenium-java-4.18.1\selenium-json-4.18.1-sources.jar;C:\Users\HP\IdeaProjects\selenium_chrome_driver\selenium-java-4.18.1\selenium-chrome-driver-4.18.1.jar;C:\Users\HP\IdeaProjects\selenium_chrome_driver\selenium-java-4.18.1\selenium-devtools-v120-4.18.1.jar;C:\Users\HP\IdeaProjects\selenium_chrome_driver\selenium-java-4.18.1\selenium-devtools-v121-4.18.1.jar;C:\Users\HP\IdeaProjects\selenium_chrome_driver\selenium-java-4.18.1\selenium-devtools-v122-4.18.1.jar;C:\Users\HP\IdeaProjects\selenium_chrome_
Launcher Type: SUN_STANDARD

[Global flags]
     intx CICompilerCount                          = 4                                         {product} {ergonomic}
     uint ConcGCThreads                            = 2                                         {product} {ergonomic}
     uint G1ConcRefinementThreads                  = 8                                         {product} {ergonomic}
   size_t G1HeapRegionSize                         = 2097152                                   {product} {ergonomic}
    uintx GCDrainStackTargetSize                   = 64                                        {product} {ergonomic}
   size_t InitialHeapSize                          = 266338304                                 {product} {ergonomic}
   size_t MarkStackSize                            = 4194304                                   {product} {ergonomic}
   size_t MaxHeapSize                              = 4244635648                                {product} {ergonomic}
   size_t MaxNewSize                               = 2545942528                                {product} {ergonomic}
   size_t MinHeapDeltaBytes                        = 2097152                                   {product} {ergonomic}
   size_t MinHeapSize                              = 8388608                                   {product} {ergonomic}
    uintx NonNMethodCodeHeapSize                   = 5839372                                {pd product} {ergonomic}
    uintx NonProfiledCodeHeapSize                  = 122909434                              {pd product} {ergonomic}
    uintx ProfiledCodeHeapSize                     = 122909434                              {pd product} {ergonomic}
    uintx ReservedCodeCacheSize                    = 251658240                              {pd product} {ergonomic}
     bool SegmentedCodeCache                       = true                                      {product} {ergonomic}
   size_t SoftMaxHeapSize                          = 4244635648                             {manageable} {ergonomic}
     bool UseCompressedClassPointers               = true                           {product lp64_product} {ergonomic}
     bool UseCompressedOops                        = true                           {product lp64_product} {ergonomic}
     bool UseG1GC                                  = true                                      {product} {ergonomic}
     bool UseLargePagesIndividualAllocation        = false                                  {pd product} {ergonomic}

Logging:
Log output configuration:
 #0: stdout all=warning uptime,level,tags
 #1: stderr all=off uptime,level,tags

Environment Variables:
JAVA_HOME=C:\Program Files\Amazon Corretto\jdk17.0.9_8
PATH=C:\Program Files\Amazon Corretto\jdk17.0.9_8\bin;C:\Program Files (x86)\Common Files\Oracle\Java\javapath;C:\Windows\system32;C:\Windows;C:\Windows\System32\Wbem;C:\Windows\System32\WindowsPowerShell\v1.0\;C:\Windows\System32\OpenSSH\;C:\ProgramData\chocolatey\bin;C:\Program Files\dotnet\;C:\Program Files\Microsoft SQL Server\150\Tools\Binn\;C:\Program Files\Microsoft SQL Server\Client SDK\ODBC\170\Tools\Binn\;C:\Program Files\Docker\Docker\resources\bin;C:\Users\HP\AppData\Local\Microsoft\WindowsApps;C:\Users\HP\.dotnet\tools;C:\Users\HP\AppData\Local\Programs\Microsoft VS Code\bin;C:\Program Files\JetBrains\IntelliJ IDEA 2023.2.5\bin;
USERNAME=HP
OS=Windows_NT
PROCESSOR_IDENTIFIER=Intel64 Family 6 Model 142 Stepping 12, GenuineIntel
TMP=C:\Users\HP\AppData\Local\Temp
TEMP=C:\Users\HP\AppData\Local\Temp



Periodic native trim disabled


---------------  S Y S T E M  ---------------

OS:
 Windows 10 , 64 bit Build 19041 (10.0.19041.3636)
OS uptime: 5 days 6:46 hours
Hyper-V role detected

CPU: total 8 (initial active 8) (4 cores per cpu, 2 threads per core) family 6 model 142 stepping 12 microcode 0xf8, cx8, cmov, fxsr, ht, mmx, 3dnowpref, sse, sse2, sse3, ssse3, sse4.1, sse4.2, popcnt, lzcnt, tsc, tscinvbit, avx, avx2, aes, erms, clmul, bmi1, bmi2, adx, fma, vzeroupper, clflush, clflushopt, hv
Processor Information for all 8 processors :
  Max Mhz: 2112, Current Mhz: 1910, Mhz Limit: 1900

Memory: 4k page, system-wide physical 16190M (2835M free)
TotalPageFile size 25724M (AvailPageFile size 20M)
current process WorkingSet (physical memory assigned to process): 86M, peak: 86M
current process commit charge ("private bytes"): 361M, peak: 361M

vm_info: OpenJDK 64-Bit Server VM (17.0.9+8-LTS) for windows-amd64 JRE (17.0.9+8-LTS), built on Oct 12 2023 16:15:33 by "Administrator" with MS VC++ 16.10 / 16.11 (VS2019)

END.
